<?xml version="1.0" encoding="UTF-8"?>
<!-- Generated by org.testng.reporters.JUnitXMLReporter -->
<testsuite ignored="0" hostname="DESKTOP-SGKD0BV" failures="0" tests="5" name="Test" time="0.943" errors="0" timestamp="2022-04-12T17:05:55 EDT">
  <testcase classname="tests.Executeetest" name="@BeforeTest setup" time="0.871">
    <failure type="java.lang.NoSuchMethodError" message="&amp;apos;void org.openqa.selenium.chrome.ChromeOptions.addArguments(java.lang.String[])&amp;apos;">
      <![CDATA[java.lang.NoSuchMethodError: 'void org.openqa.selenium.chrome.ChromeOptions.addArguments(java.lang.String[])'
at tests.Executeetest.setup(Executeetest.java:29)
... Removed 24 stack frames]]>
    </failure>
  </testcase> <!-- @BeforeTest setup -->
  <testcase classname="tests.Executeetest" name="@AfterTest tearDown" time="-1.649797555198E9">
    <skipped/>
  </testcase> <!-- @AfterTest tearDown -->
  <testcase classname="tests.Executeetest" name="happyPathUI" time="0.0">
    <skipped/>
  </testcase> <!-- happyPathUI -->
  <testcase classname="tests.apitest" name="happyPath" time="0.0">
    <skipped/>
  </testcase> <!-- happyPath -->
  <testcase classname="tests.apitest" name="validateResponseAttribute" time="0.0">
    <skipped/>
  </testcase> <!-- validateResponseAttribute -->
  <testcase classname="tests.apitest" name="checkDiffrentUUIDForNotFound" time="0.0">
    <skipped/>
  </testcase> <!-- checkDiffrentUUIDForNotFound -->
  <testcase classname="tests.apitest" name="checkServerErrorStatus" time="0.0">
    <skipped/>
  </testcase> <!-- checkServerErrorStatus -->
</testsuite> <!-- Test -->
