<?xml version="1.0" encoding="UTF-8"?>
<testsuite xmlns:xsi="http://www.w3.org/2001/XMLSchema-instance" xsi:noNamespaceSchemaLocation="https://maven.apache.org/surefire/maven-surefire-plugin/xsd/surefire-test-report.xsd" name="TestSuite" time="21.931" tests="5" errors="0" skipped="0" failures="0">
  <properties>
[...]
</properties>
  <testcase name="happyPath" classname="tests.apitest" time="2.374"/>
  <testcase name="validateResponseAttribute" classname="tests.apitest" time="1.549"/>
  <testcase name="checkDiffrentUUIDForNotFound" classname="tests.apitest" time="0.446"/>
  <testcase name="checkServerErrorStatus" classname="tests.apitest" time="0.25"/>
  <testcase name="happyPathUI" classname="tests.Executeetest" time="11.965"/>
</testsuite>