<?xml version="1.0" encoding="UTF-8"?>
<testng-results total="5" passed="5" failed="0" skipped="0">
  <reporter-output>
  </reporter-output>
  <suite started-at="2022-04-12T21:10:19Z" name="Suite" finished-at="2022-04-12T21:10:40Z" duration-ms="20550">
    <groups>
    </groups>
    <test started-at="2022-04-12T21:10:19Z" name="Test" finished-at="2022-04-12T21:10:40Z" duration-ms="20550">
      <class name="tests.Executeetest">
        <test-method is-config="true" signature="setup()[pri:0, instance:tests.Executeetest@4f704591]" started-at="2022-04-12T17:10:19Z" name="setup" finished-at="2022-04-12T17:10:22Z" duration-ms="2578" status="PASS">
          <reporter-output>
          </reporter-output>
        </test-method> <!-- setup -->
        <test-method signature="happyPathUI()[pri:0, instance:tests.Executeetest@4f704591]" started-at="2022-04-12T17:10:27Z" name="happyPathUI" description="Verify via the UI that as a loan borrower - you are seeing loan offers, upon filling the required form fields with valid inputs." finished-at="2022-04-12T17:10:38Z" duration-ms="11969" status="PASS">
          <reporter-output>
          </reporter-output>
        </test-method> <!-- happyPathUI -->
        <test-method is-config="true" signature="tearDown()[pri:0, instance:tests.Executeetest@4f704591]" started-at="2022-04-12T17:10:38Z" name="tearDown" finished-at="2022-04-12T17:10:40Z" duration-ms="1367" status="PASS">
          <reporter-output>
          </reporter-output>
        </test-method> <!-- tearDown -->
      </class> <!-- tests.Executeetest -->
      <class name="tests.apitest">
        <test-method signature="happyPath()[pri:0, instance:tests.apitest@797b0699]" started-at="2022-04-12T17:10:22Z" name="happyPath" description="Happy path to verify the status code" finished-at="2022-04-12T17:10:24Z" duration-ms="2371" status="PASS">
          <reporter-output>
          </reporter-output>
        </test-method> <!-- happyPath -->
        <test-method signature="validateResponseAttribute()[pri:0, instance:tests.apitest@797b0699]" started-at="2022-04-12T17:10:24Z" name="validateResponseAttribute" description="Validate productType attribute from response" finished-at="2022-04-12T17:10:26Z" duration-ms="1550" status="PASS">
          <reporter-output>
          </reporter-output>
        </test-method> <!-- validateResponseAttribute -->
        <test-method signature="checkDiffrentUUIDForNotFound()[pri:0, instance:tests.apitest@797b0699]" started-at="2022-04-12T17:10:26Z" name="checkDiffrentUUIDForNotFound" description="Wrong UUID to verify 404 error" finished-at="2022-04-12T17:10:26Z" duration-ms="438" status="PASS">
          <reporter-output>
          </reporter-output>
        </test-method> <!-- checkDiffrentUUIDForNotFound -->
        <test-method signature="checkServerErrorStatus()[pri:0, instance:tests.apitest@797b0699]" started-at="2022-04-12T17:10:26Z" name="checkServerErrorStatus" description="incorrect format uuid to verify system error" finished-at="2022-04-12T17:10:27Z" duration-ms="251" status="PASS">
          <reporter-output>
          </reporter-output>
        </test-method> <!-- checkServerErrorStatus -->
      </class> <!-- tests.apitest -->
    </test> <!-- Test -->
  </suite> <!-- Suite -->
</testng-results>
