<?xml version="1.0" encoding="UTF-8"?>
<!-- Generated by org.testng.reporters.JUnitXMLReporter -->
<testsuite hostname="DESKTOP-SGKD0BV" failures="0" tests="5" name="Test" time="20.55" errors="0" timestamp="12 Apr 2022 21:10:40 GMT">
  <testcase classname="tests.apitest" name="happyPath" time="2.371"/>
  <testcase classname="tests.apitest" name="validateResponseAttribute" time="1.55"/>
  <testcase classname="tests.apitest" name="checkDiffrentUUIDForNotFound" time="0.438"/>
  <testcase classname="tests.apitest" name="checkServerErrorStatus" time="0.251"/>
  <testcase classname="tests.Executeetest" name="happyPathUI" time="11.969"/>
</testsuite> <!-- Test -->
